# JRE version: OpenJDK Runtime Environment (8.0_265-b01) (build 1.8.0_265-b01)
# Java VM: OpenJDK 64-Bit Server VM (25.265-b01 mixed mode windows-amd64 compressed oops)
Heap:
 PSYoungGen      total 67584K, used 49807K [0x00000000eb580000, 0x00000000eff80000, 0x0000000100000000)
  eden space 62464K, 79% used [0x00000000eb580000,0x00000000ee623e68,0x00000000ef280000)
  from space 5120K, 0% used [0x00000000ef880000,0x00000000ef880000,0x00000000efd80000)
  to   space 6144K, 0% used [0x00000000ef280000,0x00000000ef280000,0x00000000ef880000)
 ParOldGen       total 27136K, used 6113K [0x00000000c2000000, 0x00000000c3a80000, 0x00000000eb580000)
  object space 27136K, 22% used [0x00000000c2000000,0x00000000c25f8710,0x00000000c3a80000)
 Metaspace       used 21672K, capacity 22520K, committed 22656K, reserved 1069056K
  class space    used 2759K, capacity 2928K, committed 2944K, reserved 1048576K
GC Heap History (10 events):
Event: 3.428 GC heap before
{Heap before GC invocations=5 (full 0):
 PSYoungGen      total 34304K, used 34205K [0x00000000eb580000, 0x00000000ed980000, 0x0000000100000000)
  eden space 31744K, 100% used [0x00000000eb580000,0x00000000ed480000,0x00000000ed480000)
  from space 2560K, 96% used [0x00000000ed700000,0x00000000ed9674f0,0x00000000ed980000)
  to   space 2560K, 0% used [0x00000000ed480000,0x00000000ed480000,0x00000000ed700000)
 ParOldGen       total 42496K, used 493K [0x00000000c2000000, 0x00000000c4980000, 0x00000000eb580000)
  object space 42496K, 1% used [0x00000000c2000000,0x00000000c207b448,0x00000000c4980000)
 Metaspace       used 11282K, capacity 11880K, committed 12032K, reserved 1060864K
  class space    used 1363K, capacity 1496K, committed 1536K, reserved 1048576K
Event: 3.442 GC heap after
Heap after GC invocations=5 (full 0):
 PSYoungGen      total 34304K, used 2560K [0x00000000eb580000, 0x00000000efd80000, 0x0000000100000000)
  eden space 31744K, 0% used [0x00000000eb580000,0x00000000eb580000,0x00000000ed480000)
  from space 2560K, 100% used [0x00000000ed480000,0x00000000ed700000,0x00000000ed700000)
  to   space 5120K, 0% used [0x00000000ef880000,0x00000000ef880000,0x00000000efd80000)
 ParOldGen       total 42496K, used 3109K [0x00000000c2000000, 0x00000000c4980000, 0x00000000eb580000)
  object space 42496K, 7% used [0x00000000c2000000,0x00000000c2309520,0x00000000c4980000)
 Metaspace       used 11282K, capacity 11880K, committed 12032K, reserved 1060864K
  class space    used 1363K, capacity 1496K, committed 1536K, reserved 1048576K
}
Event: 4.688 GC heap before
{Heap before GC invocations=6 (full 0):
 PSYoungGen      total 34304K, used 34304K [0x00000000eb580000, 0x00000000efd80000, 0x0000000100000000)
  eden space 31744K, 100% used [0x00000000eb580000,0x00000000ed480000,0x00000000ed480000)
  from space 2560K, 100% used [0x00000000ed480000,0x00000000ed700000,0x00000000ed700000)
  to   space 5120K, 0% used [0x00000000ef880000,0x00000000ef880000,0x00000000efd80000)
 ParOldGen       total 42496K, used 3109K [0x00000000c2000000, 0x00000000c4980000, 0x00000000eb580000)
  object space 42496K, 7% used [0x00000000c2000000,0x00000000c2309520,0x00000000c4980000)
 Metaspace       used 14964K, capacity 15664K, committed 15872K, reserved 1062912K
  class space    used 1893K, capacity 2032K, committed 2048K, reserved 1048576K
Event: 4.711 GC heap after
Heap after GC invocations=6 (full 0):
 PSYoungGen      total 67584K, used 5116K [0x00000000eb580000, 0x00000000eff80000, 0x0000000100000000)
  eden space 62464K, 0% used [0x00000000eb580000,0x00000000eb580000,0x00000000ef280000)
  from space 5120K, 99% used [0x00000000ef880000,0x00000000efd7f188,0x00000000efd80000)
  to   space 6144K, 0% used [0x00000000ef280000,0x00000000ef280000,0x00000000ef880000)
 ParOldGen       total 42496K, used 4040K [0x00000000c2000000, 0x00000000c4980000, 0x00000000eb580000)
  object space 42496K, 9% used [0x00000000c2000000,0x00000000c23f21e8,0x00000000c4980000)
 Metaspace       used 14964K, capacity 15664K, committed 15872K, reserved 1062912K
  class space    used 1893K, capacity 2032K, committed 2048K, reserved 1048576K
}
Event: 5.988 GC heap before
{Heap before GC invocations=7 (full 0):
 PSYoungGen      total 67584K, used 67557K [0x00000000eb580000, 0x00000000eff80000, 0x0000000100000000)
  eden space 62464K, 99% used [0x00000000eb580000,0x00000000ef27a438,0x00000000ef280000)
  from space 5120K, 99% used [0x00000000ef880000,0x00000000efd7f188,0x00000000efd80000)
  to   space 6144K, 0% used [0x00000000ef280000,0x00000000ef280000,0x00000000ef880000)
 ParOldGen       total 42496K, used 4040K [0x00000000c2000000, 0x00000000c4980000, 0x00000000eb580000)
  object space 42496K, 9% used [0x00000000c2000000,0x00000000c23f21e8,0x00000000c4980000)
 Metaspace       used 19892K, capacity 20728K, committed 20992K, reserved 1067008K
  class space    used 2576K, capacity 2736K, committed 2816K, reserved 1048576K
Event: 6.057 GC heap after
Heap after GC invocations=7 (full 0):
 PSYoungGen      total 68608K, used 6142K [0x00000000eb580000, 0x00000000eff80000, 0x0000000100000000)
  eden space 62464K, 0% used [0x00000000eb580000,0x00000000eb580000,0x00000000ef280000)
  from space 6144K, 99% used [0x00000000ef280000,0x00000000ef87f918,0x00000000ef880000)
  to   space 5120K, 0% used [0x00000000ef880000,0x00000000ef880000,0x00000000efd80000)
 ParOldGen       total 42496K, used 7717K [0x00000000c2000000, 0x00000000c4980000, 0x00000000eb580000)
  object space 42496K, 18% used [0x00000000c2000000,0x00000000c27897e0,0x00000000c4980000)
 Metaspace       used 19892K, capacity 20728K, committed 20992K, reserved 1067008K
  class space    used 2576K, capacity 2736K, committed 2816K, reserved 1048576K
}
Event: 6.125 GC heap before
{Heap before GC invocations=8 (full 0):
 PSYoungGen      total 68608K, used 10271K [0x00000000eb580000, 0x00000000eff80000, 0x0000000100000000)
  eden space 62464K, 6% used [0x00000000eb580000,0x00000000eb988428,0x00000000ef280000)
  from space 6144K, 99% used [0x00000000ef280000,0x00000000ef87f918,0x00000000ef880000)
  to   space 5120K, 0% used [0x00000000ef880000,0x00000000ef880000,0x00000000efd80000)
 ParOldGen       total 42496K, used 7717K [0x00000000c2000000, 0x00000000c4980000, 0x00000000eb580000)
  object space 42496K, 18% used [0x00000000c2000000,0x00000000c27897e0,0x00000000c4980000)
 Metaspace       used 20316K, capacity 21144K, committed 21248K, reserved 1067008K
  class space    used 2608K, capacity 2768K, committed 2816K, reserved 1048576K
Event: 6.193 GC heap after
Heap after GC invocations=8 (full 0):
 PSYoungGen      total 67584K, used 4390K [0x00000000eb580000, 0x00000000eff80000, 0x0000000100000000)
  eden space 62464K, 0% used [0x00000000eb580000,0x00000000eb580000,0x00000000ef280000)
  from space 5120K, 85% used [0x00000000ef880000,0x00000000efcc9808,0x00000000efd80000)
  to   space 6144K, 0% used [0x00000000ef280000,0x00000000ef280000,0x00000000ef880000)
 ParOldGen       total 42496K, used 7725K [0x00000000c2000000, 0x00000000c4980000, 0x00000000eb580000)
  object space 42496K, 18% used [0x00000000c2000000,0x00000000c278b7e0,0x00000000c4980000)
 Metaspace       used 20316K, capacity 21144K, committed 21248K, reserved 1067008K
  class space    used 2608K, capacity 2768K, committed 2816K, reserved 1048576K
}
Event: 6.193 GC heap before
{Heap before GC invocations=9 (full 1):
 PSYoungGen      total 67584K, used 4390K [0x00000000eb580000, 0x00000000eff80000, 0x0000000100000000)
  eden space 62464K, 0% used [0x00000000eb580000,0x00000000eb580000,0x00000000ef280000)
  from space 5120K, 85% used [0x00000000ef880000,0x00000000efcc9808,0x00000000efd80000)
  to   space 6144K, 0% used [0x00000000ef280000,0x00000000ef280000,0x00000000ef880000)
 ParOldGen       total 42496K, used 7725K [0x00000000c2000000, 0x00000000c4980000, 0x00000000eb580000)
  object space 42496K, 18% used [0x00000000c2000000,0x00000000c278b7e0,0x00000000c4980000)
 Metaspace       used 20316K, capacity 21144K, committed 21248K, reserved 1067008K
  class space    used 2608K, capacity 2768K, committed 2816K, reserved 1048576K
Event: 6.278 GC heap after
Heap after GC invocations=9 (full 1):
 PSYoungGen      total 67584K, used 0K [0x00000000eb580000, 0x00000000eff80000, 0x0000000100000000)
  eden space 62464K, 0% used [0x00000000eb580000,0x00000000eb580000,0x00000000ef280000)
  from space 5120K, 0% used [0x00000000ef880000,0x00000000ef880000,0x00000000efd80000)
  to   space 6144K, 0% used [0x00000000ef280000,0x00000000ef280000,0x00000000ef880000)
 ParOldGen       total 27136K, used 6113K [0x00000000c2000000, 0x00000000c3a80000, 0x00000000eb580000)
  object space 27136K, 22% used [0x00000000c2000000,0x00000000c25f8710,0x00000000c3a80000)
 Metaspace       used 20316K, capacity 21144K, committed 21248K, reserved 1067008K
  class space    used 2608K, capacity 2768K, committed 2816K, reserved 1048576K
}

