# JRE version: OpenJDK Runtime Environment (8.0_265-b01) (build 1.8.0_265-b01)
# Java VM: OpenJDK 64-Bit Server VM (25.265-b01 mixed mode windows-amd64 compressed oops)
Heap:
 PSYoungGen      total 67584K, used 60364K [0x00000000eb580000, 0x00000000eff80000, 0x0000000100000000)
  eden space 62464K, 88% used [0x00000000eb580000,0x00000000eeb73b90,0x00000000ef280000)
  from space 5120K, 99% used [0x00000000ef880000,0x00000000efd7f5c8,0x00000000efd80000)
  to   space 6144K, 0% used [0x00000000ef280000,0x00000000ef280000,0x00000000ef880000)
 ParOldGen       total 42496K, used 4063K [0x00000000c2000000, 0x00000000c4980000, 0x00000000eb580000)
  object space 42496K, 9% used [0x00000000c2000000,0x00000000c23f7f10,0x00000000c4980000)
 Metaspace       used 19258K, capacity 20150K, committed 20352K, reserved 1067008K
  class space    used 2507K, capacity 2671K, committed 2688K, reserved 1048576K
GC Heap History (10 events):
Event: 2.969 GC heap before
{Heap before GC invocations=2 (full 0):
 PSYoungGen      total 18432K, used 18401K [0x00000000eb580000, 0x00000000eca00000, 0x0000000100000000)
  eden space 15872K, 99% used [0x00000000eb580000,0x00000000ec4f9500,0x00000000ec500000)
  from space 2560K, 99% used [0x00000000ec500000,0x00000000ec77f130,0x00000000ec780000)
  to   space 2560K, 0% used [0x00000000ec780000,0x00000000ec780000,0x00000000eca00000)
 ParOldGen       total 42496K, used 220K [0x00000000c2000000, 0x00000000c4980000, 0x00000000eb580000)
  object space 42496K, 0% used [0x00000000c2000000,0x00000000c20373c0,0x00000000c4980000)
 Metaspace       used 7728K, capacity 7968K, committed 8192K, reserved 1056768K
  class space    used 885K, capacity 956K, committed 1024K, reserved 1048576K
Event: 2.976 GC heap after
Heap after GC invocations=2 (full 0):
 PSYoungGen      total 18432K, used 2544K [0x00000000eb580000, 0x00000000eca00000, 0x0000000100000000)
  eden space 15872K, 0% used [0x00000000eb580000,0x00000000eb580000,0x00000000ec500000)
  from space 2560K, 99% used [0x00000000ec780000,0x00000000ec9fc378,0x00000000eca00000)
  to   space 2560K, 0% used [0x00000000ec500000,0x00000000ec500000,0x00000000ec780000)
 ParOldGen       total 42496K, used 473K [0x00000000c2000000, 0x00000000c4980000, 0x00000000eb580000)
  object space 42496K, 1% used [0x00000000c2000000,0x00000000c2076558,0x00000000c4980000)
 Metaspace       used 7728K, capacity 7968K, committed 8192K, reserved 1056768K
  class space    used 885K, capacity 956K, committed 1024K, reserved 1048576K
}
Event: 2.988 GC heap before
{Heap before GC invocations=3 (full 0):
 PSYoungGen      total 18432K, used 18381K [0x00000000eb580000, 0x00000000eca00000, 0x0000000100000000)
  eden space 15872K, 99% used [0x00000000eb580000,0x00000000ec4f70d8,0x00000000ec500000)
  from space 2560K, 99% used [0x00000000ec780000,0x00000000ec9fc378,0x00000000eca00000)
  to   space 2560K, 0% used [0x00000000ec500000,0x00000000ec500000,0x00000000ec780000)
 ParOldGen       total 42496K, used 473K [0x00000000c2000000, 0x00000000c4980000, 0x00000000eb580000)
  object space 42496K, 1% used [0x00000000c2000000,0x00000000c2076558,0x00000000c4980000)
 Metaspace       used 7729K, capacity 7968K, committed 8192K, reserved 1056768K
  class space    used 885K, capacity 956K, committed 1024K, reserved 1048576K
Event: 3.012 GC heap after
Heap after GC invocations=3 (full 0):
 PSYoungGen      total 18432K, used 1994K [0x00000000eb580000, 0x00000000ed980000, 0x0000000100000000)
  eden space 15872K, 0% used [0x00000000eb580000,0x00000000eb580000,0x00000000ec500000)
  from space 2560K, 77% used [0x00000000ec500000,0x00000000ec6f2ae0,0x00000000ec780000)
  to   space 2560K, 0% used [0x00000000ed700000,0x00000000ed700000,0x00000000ed980000)
 ParOldGen       total 42496K, used 481K [0x00000000c2000000, 0x00000000c4980000, 0x00000000eb580000)
  object space 42496K, 1% used [0x00000000c2000000,0x00000000c2078558,0x00000000c4980000)
 Metaspace       used 7729K, capacity 7968K, committed 8192K, reserved 1056768K
  class space    used 885K, capacity 956K, committed 1024K, reserved 1048576K
}
Event: 3.052 GC heap before
{Heap before GC invocations=4 (full 0):
 PSYoungGen      total 18432K, used 17866K [0x00000000eb580000, 0x00000000ed980000, 0x0000000100000000)
  eden space 15872K, 100% used [0x00000000eb580000,0x00000000ec500000,0x00000000ec500000)
  from space 2560K, 77% used [0x00000000ec500000,0x00000000ec6f2ae0,0x00000000ec780000)
  to   space 2560K, 0% used [0x00000000ed700000,0x00000000ed700000,0x00000000ed980000)
 ParOldGen       total 42496K, used 481K [0x00000000c2000000, 0x00000000c4980000, 0x00000000eb580000)
  object space 42496K, 1% used [0x00000000c2000000,0x00000000c2078558,0x00000000c4980000)
 Metaspace       used 7731K, capacity 7968K, committed 8192K, reserved 1056768K
  class space    used 885K, capacity 956K, committed 1024K, reserved 1048576K
Event: 3.063 GC heap after
Heap after GC invocations=4 (full 0):
 PSYoungGen      total 34304K, used 2461K [0x00000000eb580000, 0x00000000ed980000, 0x0000000100000000)
  eden space 31744K, 0% used [0x00000000eb580000,0x00000000eb580000,0x00000000ed480000)
  from space 2560K, 96% used [0x00000000ed700000,0x00000000ed9674f0,0x00000000ed980000)
  to   space 2560K, 0% used [0x00000000ed480000,0x00000000ed480000,0x00000000ed700000)
 ParOldGen       total 42496K, used 481K [0x00000000c2000000, 0x00000000c4980000, 0x00000000eb580000)
  object space 42496K, 1% used [0x00000000c2000000,0x00000000c2078558,0x00000000c4980000)
 Metaspace       used 7731K, capacity 7968K, committed 8192K, reserved 1056768K
  class space    used 885K, capacity 956K, committed 1024K, reserved 1048576K
}
Event: 4.717 GC heap before
{Heap before GC invocations=5 (full 0):
 PSYoungGen      total 34304K, used 34205K [0x00000000eb580000, 0x00000000ed980000, 0x0000000100000000)
  eden space 31744K, 100% used [0x00000000eb580000,0x00000000ed480000,0x00000000ed480000)
  from space 2560K, 96% used [0x00000000ed700000,0x00000000ed9674f0,0x00000000ed980000)
  to   space 2560K, 0% used [0x00000000ed480000,0x00000000ed480000,0x00000000ed700000)
 ParOldGen       total 42496K, used 481K [0x00000000c2000000, 0x00000000c4980000, 0x00000000eb580000)
  object space 42496K, 1% used [0x00000000c2000000,0x00000000c2078558,0x00000000c4980000)
 Metaspace       used 11406K, capacity 12030K, committed 12288K, reserved 1060864K
  class space    used 1376K, capacity 1501K, committed 1536K, reserved 1048576K
Event: 4.733 GC heap after
Heap after GC invocations=5 (full 0):
 PSYoungGen      total 34304K, used 2547K [0x00000000eb580000, 0x00000000efd80000, 0x0000000100000000)
  eden space 31744K, 0% used [0x00000000eb580000,0x00000000eb580000,0x00000000ed480000)
  from space 2560K, 99% used [0x00000000ed480000,0x00000000ed6fcde8,0x00000000ed700000)
  to   space 5120K, 0% used [0x00000000ef880000,0x00000000ef880000,0x00000000efd80000)
 ParOldGen       total 42496K, used 3164K [0x00000000c2000000, 0x00000000c4980000, 0x00000000eb580000)
  object space 42496K, 7% used [0x00000000c2000000,0x00000000c23172e0,0x00000000c4980000)
 Metaspace       used 11406K, capacity 12030K, committed 12288K, reserved 1060864K
  class space    used 1376K, capacity 1501K, committed 1536K, reserved 1048576K
}
Event: 6.011 GC heap before
{Heap before GC invocations=6 (full 0):
 PSYoungGen      total 34304K, used 34291K [0x00000000eb580000, 0x00000000efd80000, 0x0000000100000000)
  eden space 31744K, 100% used [0x00000000eb580000,0x00000000ed480000,0x00000000ed480000)
  from space 2560K, 99% used [0x00000000ed480000,0x00000000ed6fcde8,0x00000000ed700000)
  to   space 5120K, 0% used [0x00000000ef880000,0x00000000ef880000,0x00000000efd80000)
 ParOldGen       total 42496K, used 3164K [0x00000000c2000000, 0x00000000c4980000, 0x00000000eb580000)
  object space 42496K, 7% used [0x00000000c2000000,0x00000000c23172e0,0x00000000c4980000)
 Metaspace       used 14969K, capacity 15706K, committed 16000K, reserved 1062912K
  class space    used 1894K, capacity 2067K, committed 2176K, reserved 1048576K
Event: 6.053 GC heap after
Heap after GC invocations=6 (full 0):
 PSYoungGen      total 67584K, used 5117K [0x00000000eb580000, 0x00000000eff80000, 0x0000000100000000)
  eden space 62464K, 0% used [0x00000000eb580000,0x00000000eb580000,0x00000000ef280000)
  from space 5120K, 99% used [0x00000000ef880000,0x00000000efd7f5c8,0x00000000efd80000)
  to   space 6144K, 0% used [0x00000000ef280000,0x00000000ef280000,0x00000000ef880000)
 ParOldGen       total 42496K, used 4063K [0x00000000c2000000, 0x00000000c4980000, 0x00000000eb580000)
  object space 42496K, 9% used [0x00000000c2000000,0x00000000c23f7f10,0x00000000c4980000)
 Metaspace       used 14969K, capacity 15706K, committed 16000K, reserved 1062912K
  class space    used 1894K, capacity 2067K, committed 2176K, reserved 1048576K
}

